0 info it worked if it ends with ok
1 verbose cli [ '/usr/local/bin/node', '/usr/local/bin/npm', 'run', 'dev' ]
2 info using npm@3.10.10
3 info using node@v6.9.3
4 verbose run-script [ 'predev', 'dev', 'postdev' ]
5 info lifecycle LEDS@1.0.0~predev: LEDS@1.0.0
6 silly lifecycle LEDS@1.0.0~predev: no script for predev, continuing
7 info lifecycle LEDS@1.0.0~dev: LEDS@1.0.0
8 verbose lifecycle LEDS@1.0.0~dev: unsafe-perm in lifecycle true
9 verbose lifecycle LEDS@1.0.0~dev: PATH: /usr/local/lib/node_modules/npm/bin/node-gyp-bin:/Users/thobbs/LEDS/node_modules/.bin:/usr/bin:/bin:/usr/sbin:/sbin:/usr/local/bin:/usr/local/Bluemix/bin
10 verbose lifecycle LEDS@1.0.0~dev: CWD: /Users/thobbs/LEDS
11 silly lifecycle LEDS@1.0.0~dev: Args: [ '-c',
11 silly lifecycle   './node_modules/webpack-dev-server/bin/webpack-dev-server --content-base src --inline --hot' ]
12 info lifecycle LEDS@1.0.0~dev: Failed to exec dev script
13 verbose stack Error: LEDS@1.0.0 dev: `./node_modules/webpack-dev-server/bin/webpack-dev-server --content-base src --inline --hot`
13 verbose stack spawn ENOENT
13 verbose stack     at ChildProcess.<anonymous> (/usr/local/lib/node_modules/npm/lib/utils/spawn.js:33:16)
13 verbose stack     at emitTwo (events.js:106:13)
13 verbose stack     at ChildProcess.emit (events.js:191:7)
13 verbose stack     at maybeClose (internal/child_process.js:877:16)
13 verbose stack     at Process.ChildProcess._handle.onexit (internal/child_process.js:226:5)
14 verbose pkgid LEDS@1.0.0
15 verbose cwd /Users/thobbs/LEDS
16 error Darwin 16.5.0
17 error argv "/usr/local/bin/node" "/usr/local/bin/npm" "run" "dev"
18 error node v6.9.3
19 error npm  v3.10.10
20 error file sh
21 error code ELIFECYCLE
22 error errno ENOENT
23 error syscall spawn
24 error LEDS@1.0.0 dev: `./node_modules/webpack-dev-server/bin/webpack-dev-server --content-base src --inline --hot`
24 error spawn ENOENT
25 error Failed at the LEDS@1.0.0 dev script './node_modules/webpack-dev-server/bin/webpack-dev-server --content-base src --inline --hot'.
25 error Make sure you have the latest version of node.js and npm installed.
25 error If you do, this is most likely a problem with the LEDS package,
25 error not with npm itself.
25 error Tell the author that this fails on your system:
25 error     ./node_modules/webpack-dev-server/bin/webpack-dev-server --content-base src --inline --hot
25 error You can get information on how to open an issue for this project with:
25 error     npm bugs LEDS
25 error Or if that isn't available, you can get their info via:
25 error     npm owner ls LEDS
25 error There is likely additional logging output above.
26 verbose exit [ 1, true ]
